<?xml version="1.0" encoding="UTF-8"?>
<!-- Generated by org.testng.reporters.JUnitReportReporter -->
<testsuite hostname="shailesh" failures="0" tests="1" name="demo.SampleTest" time="0.014" errors="0" timestamp="2022-11-23T10:01:29 IST" skipped="0">
  <testcase classname="demo.SampleTest" name="sample" time="0.014"/>
  <system-out/>
</testsuite> <!-- demo.SampleTest -->
